{"C:\\Users\\admin\\Documents\\CPUT 2025\\Software Engineering\\New Project\\Movie-Watchlist\\Assignment_10\\creational_patterns\\abstract_factory\\StreamingServiceFactory.js": {"path":"C:\\Users\\admin\\Documents\\CPUT 2025\\Software Engineering\\New Project\\Movie-Watchlist\\Assignment_10\\creational_patterns\\abstract_factory\\StreamingServiceFactory.js","statementMap":{"0":{"start":{"line":3,"column":4},"end":{"line":3,"column":36}},"1":{"start":{"line":9,"column":4},"end":{"line":9,"column":33}},"2":{"start":{"line":15,"column":4},"end":{"line":19,"column":5}},"3":{"start":{"line":16,"column":22},"end":{"line":16,"column":43}},"4":{"start":{"line":17,"column":19},"end":{"line":17,"column":37}},"5":{"start":{"line":18,"column":15},"end":{"line":18,"column":52}}},"fnMap":{"0":{"name":"(anonymous_0)","decl":{"start":{"line":2,"column":2},"end":{"line":2,"column":3}},"loc":{"start":{"line":2,"column":11},"end":{"line":4,"column":3}},"line":2},"1":{"name":"(anonymous_1)","decl":{"start":{"line":8,"column":2},"end":{"line":8,"column":3}},"loc":{"start":{"line":8,"column":11},"end":{"line":10,"column":3}},"line":8},"2":{"name":"(anonymous_2)","decl":{"start":{"line":14,"column":2},"end":{"line":14,"column":3}},"loc":{"start":{"line":14,"column":36},"end":{"line":20,"column":3}},"line":14}},"branchMap":{"0":{"loc":{"start":{"line":15,"column":4},"end":{"line":19,"column":5}},"type":"switch","locations":[{"start":{"line":16,"column":6},"end":{"line":16,"column":43}},{"start":{"line":17,"column":6},"end":{"line":17,"column":37}},{"start":{"line":18,"column":6},"end":{"line":18,"column":52}}],"line":15}},"s":{"0":1,"1":0,"2":1,"3":1,"4":0,"5":0},"f":{"0":1,"1":0,"2":1},"b":{"0":[1,0,0]},"inputSourceMap":null,"_coverageSchema":"1a1c01bbd47fc00a2c39e90264f33305004495a9","hash":"9cf901de4804dc3b73d17a093090d2e2bbd56eb1"}
,"C:\\Users\\admin\\Documents\\CPUT 2025\\Software Engineering\\New Project\\Movie-Watchlist\\Assignment_10\\creational_patterns\\builder\\WatchlistBuilder.js": {"path":"C:\\Users\\admin\\Documents\\CPUT 2025\\Software Engineering\\New Project\\Movie-Watchlist\\Assignment_10\\creational_patterns\\builder\\WatchlistBuilder.js","statementMap":{"0":{"start":{"line":3,"column":4},"end":{"line":3,"column":19}},"1":{"start":{"line":4,"column":4},"end":{"line":4,"column":26}},"2":{"start":{"line":5,"column":4},"end":{"line":5,"column":21}},"3":{"start":{"line":11,"column":4},"end":{"line":11,"column":37}},"4":{"start":{"line":15,"column":4},"end":{"line":15,"column":31}},"5":{"start":{"line":16,"column":4},"end":{"line":16,"column":16}},"6":{"start":{"line":20,"column":4},"end":{"line":20,"column":37}},"7":{"start":{"line":21,"column":4},"end":{"line":21,"column":16}},"8":{"start":{"line":25,"column":4},"end":{"line":25,"column":38}},"9":{"start":{"line":26,"column":4},"end":{"line":26,"column":16}},"10":{"start":{"line":30,"column":4},"end":{"line":30,"column":26}}},"fnMap":{"0":{"name":"(anonymous_0)","decl":{"start":{"line":2,"column":2},"end":{"line":2,"column":3}},"loc":{"start":{"line":2,"column":16},"end":{"line":6,"column":3}},"line":2},"1":{"name":"(anonymous_1)","decl":{"start":{"line":10,"column":2},"end":{"line":10,"column":3}},"loc":{"start":{"line":10,"column":16},"end":{"line":12,"column":3}},"line":10},"2":{"name":"(anonymous_2)","decl":{"start":{"line":14,"column":2},"end":{"line":14,"column":3}},"loc":{"start":{"line":14,"column":16},"end":{"line":17,"column":3}},"line":14},"3":{"name":"(anonymous_3)","decl":{"start":{"line":19,"column":2},"end":{"line":19,"column":3}},"loc":{"start":{"line":19,"column":27},"end":{"line":22,"column":3}},"line":19},"4":{"name":"(anonymous_4)","decl":{"start":{"line":24,"column":2},"end":{"line":24,"column":3}},"loc":{"start":{"line":24,"column":18},"end":{"line":27,"column":3}},"line":24},"5":{"name":"(anonymous_5)","decl":{"start":{"line":29,"column":2},"end":{"line":29,"column":3}},"loc":{"start":{"line":29,"column":10},"end":{"line":31,"column":3}},"line":29}},"branchMap":{"0":{"loc":{"start":{"line":19,"column":12},"end":{"line":19,"column":25}},"type":"default-arg","locations":[{"start":{"line":19,"column":21},"end":{"line":19,"column":25}}],"line":19}},"s":{"0":2,"1":2,"2":2,"3":2,"4":1,"5":1,"6":1,"7":1,"8":1,"9":1,"10":2},"f":{"0":2,"1":2,"2":1,"3":1,"4":1,"5":2},"b":{"0":[0]},"inputSourceMap":null,"_coverageSchema":"1a1c01bbd47fc00a2c39e90264f33305004495a9","hash":"1d631c67d0cb85f72642c3bb8dbe193b9c64eafd"}
,"C:\\Users\\admin\\Documents\\CPUT 2025\\Software Engineering\\New Project\\Movie-Watchlist\\Assignment_10\\creational_patterns\\factory_method\\AuthFactoryMethod.js": {"path":"C:\\Users\\admin\\Documents\\CPUT 2025\\Software Engineering\\New Project\\Movie-Watchlist\\Assignment_10\\creational_patterns\\factory_method\\AuthFactoryMethod.js","statementMap":{"0":{"start":{"line":3,"column":4},"end":{"line":3,"column":51}},"1":{"start":{"line":9,"column":4},"end":{"line":9,"column":38}},"2":{"start":{"line":15,"column":4},"end":{"line":15,"column":39}},"3":{"start":{"line":21,"column":4},"end":{"line":25,"column":5}},"4":{"start":{"line":22,"column":20},"end":{"line":22,"column":50}},"5":{"start":{"line":23,"column":21},"end":{"line":23,"column":52}},"6":{"start":{"line":24,"column":15},"end":{"line":24,"column":52}}},"fnMap":{"0":{"name":"(anonymous_0)","decl":{"start":{"line":2,"column":2},"end":{"line":2,"column":3}},"loc":{"start":{"line":2,"column":17},"end":{"line":4,"column":3}},"line":2},"1":{"name":"(anonymous_1)","decl":{"start":{"line":8,"column":2},"end":{"line":8,"column":3}},"loc":{"start":{"line":8,"column":17},"end":{"line":10,"column":3}},"line":8},"2":{"name":"(anonymous_2)","decl":{"start":{"line":14,"column":2},"end":{"line":14,"column":3}},"loc":{"start":{"line":14,"column":17},"end":{"line":16,"column":3}},"line":14},"3":{"name":"(anonymous_3)","decl":{"start":{"line":20,"column":2},"end":{"line":20,"column":3}},"loc":{"start":{"line":20,"column":30},"end":{"line":26,"column":3}},"line":20}},"branchMap":{"0":{"loc":{"start":{"line":21,"column":4},"end":{"line":25,"column":5}},"type":"switch","locations":[{"start":{"line":22,"column":6},"end":{"line":22,"column":50}},{"start":{"line":23,"column":6},"end":{"line":23,"column":52}},{"start":{"line":24,"column":6},"end":{"line":24,"column":52}}],"line":21}},"s":{"0":0,"1":0,"2":1,"3":2,"4":0,"5":1,"6":1},"f":{"0":0,"1":0,"2":1,"3":2},"b":{"0":[0,1,1]},"inputSourceMap":null,"_coverageSchema":"1a1c01bbd47fc00a2c39e90264f33305004495a9","hash":"6e32d63033881087d9d646d73def417aed1e703e"}
,"C:\\Users\\admin\\Documents\\CPUT 2025\\Software Engineering\\New Project\\Movie-Watchlist\\Assignment_10\\creational_patterns\\prototype\\MoviePrototype.js": {"path":"C:\\Users\\admin\\Documents\\CPUT 2025\\Software Engineering\\New Project\\Movie-Watchlist\\Assignment_10\\creational_patterns\\prototype\\MoviePrototype.js","statementMap":{"0":{"start":{"line":3,"column":4},"end":{"line":3,"column":23}},"1":{"start":{"line":4,"column":4},"end":{"line":4,"column":23}},"2":{"start":{"line":5,"column":4},"end":{"line":5,"column":25}},"3":{"start":{"line":9,"column":4},"end":{"line":9,"column":67}}},"fnMap":{"0":{"name":"(anonymous_0)","decl":{"start":{"line":2,"column":2},"end":{"line":2,"column":3}},"loc":{"start":{"line":2,"column":36},"end":{"line":6,"column":3}},"line":2},"1":{"name":"(anonymous_1)","decl":{"start":{"line":8,"column":2},"end":{"line":8,"column":3}},"loc":{"start":{"line":8,"column":10},"end":{"line":10,"column":3}},"line":8}},"branchMap":{},"s":{"0":2,"1":2,"2":2,"3":1},"f":{"0":2,"1":1},"b":{},"inputSourceMap":null,"_coverageSchema":"1a1c01bbd47fc00a2c39e90264f33305004495a9","hash":"dd1a5ee5f947399738cdf36b1732040bea5fa38b"}
,"C:\\Users\\admin\\Documents\\CPUT 2025\\Software Engineering\\New Project\\Movie-Watchlist\\Assignment_10\\creational_patterns\\simple_factory\\MovieFactory.js": {"path":"C:\\Users\\admin\\Documents\\CPUT 2025\\Software Engineering\\New Project\\Movie-Watchlist\\Assignment_10\\creational_patterns\\simple_factory\\MovieFactory.js","statementMap":{"0":{"start":{"line":3,"column":4},"end":{"line":3,"column":23}},"1":{"start":{"line":4,"column":4},"end":{"line":4,"column":23}},"2":{"start":{"line":10,"column":4},"end":{"line":10,"column":32}},"3":{"start":{"line":16,"column":4},"end":{"line":16,"column":27}},"4":{"start":{"line":22,"column":4},"end":{"line":29,"column":5}},"5":{"start":{"line":24,"column":8},"end":{"line":24,"column":38}},"6":{"start":{"line":26,"column":8},"end":{"line":26,"column":38}},"7":{"start":{"line":28,"column":8},"end":{"line":28,"column":43}}},"fnMap":{"0":{"name":"(anonymous_0)","decl":{"start":{"line":2,"column":2},"end":{"line":2,"column":3}},"loc":{"start":{"line":2,"column":28},"end":{"line":5,"column":3}},"line":2},"1":{"name":"(anonymous_1)","decl":{"start":{"line":9,"column":2},"end":{"line":9,"column":3}},"loc":{"start":{"line":9,"column":21},"end":{"line":11,"column":3}},"line":9},"2":{"name":"(anonymous_2)","decl":{"start":{"line":15,"column":2},"end":{"line":15,"column":3}},"loc":{"start":{"line":15,"column":21},"end":{"line":17,"column":3}},"line":15},"3":{"name":"(anonymous_3)","decl":{"start":{"line":21,"column":2},"end":{"line":21,"column":3}},"loc":{"start":{"line":21,"column":34},"end":{"line":30,"column":3}},"line":21}},"branchMap":{"0":{"loc":{"start":{"line":22,"column":4},"end":{"line":29,"column":5}},"type":"switch","locations":[{"start":{"line":23,"column":6},"end":{"line":24,"column":38}},{"start":{"line":25,"column":6},"end":{"line":26,"column":38}},{"start":{"line":27,"column":6},"end":{"line":28,"column":43}}],"line":22}},"s":{"0":2,"1":2,"2":1,"3":0,"4":2,"5":1,"6":0,"7":1},"f":{"0":2,"1":1,"2":0,"3":2},"b":{"0":[1,0,1]},"inputSourceMap":null,"_coverageSchema":"1a1c01bbd47fc00a2c39e90264f33305004495a9","hash":"45364ee004448f1a62972daea7b7566131785398"}
,"C:\\Users\\admin\\Documents\\CPUT 2025\\Software Engineering\\New Project\\Movie-Watchlist\\Assignment_10\\creational_patterns\\singleton\\DatabaseConnection.js": {"path":"C:\\Users\\admin\\Documents\\CPUT 2025\\Software Engineering\\New Project\\Movie-Watchlist\\Assignment_10\\creational_patterns\\singleton\\DatabaseConnection.js","statementMap":{"0":{"start":{"line":3,"column":4},"end":{"line":5,"column":5}},"1":{"start":{"line":4,"column":6},"end":{"line":4,"column":41}},"2":{"start":{"line":6,"column":4},"end":{"line":6,"column":46}},"3":{"start":{"line":7,"column":4},"end":{"line":7,"column":39}},"4":{"start":{"line":11,"column":4},"end":{"line":11,"column":27}},"5":{"start":{"line":15,"column":19},"end":{"line":15,"column":43}}},"fnMap":{"0":{"name":"(anonymous_0)","decl":{"start":{"line":2,"column":2},"end":{"line":2,"column":3}},"loc":{"start":{"line":2,"column":16},"end":{"line":8,"column":3}},"line":2},"1":{"name":"(anonymous_1)","decl":{"start":{"line":10,"column":2},"end":{"line":10,"column":3}},"loc":{"start":{"line":10,"column":18},"end":{"line":12,"column":3}},"line":10}},"branchMap":{"0":{"loc":{"start":{"line":3,"column":4},"end":{"line":5,"column":5}},"type":"if","locations":[{"start":{"line":3,"column":4},"end":{"line":5,"column":5}},{"start":{},"end":{}}],"line":3}},"s":{"0":3,"1":2,"2":1,"3":1,"4":0,"5":1},"f":{"0":3,"1":0},"b":{"0":[2,1]},"inputSourceMap":null,"_coverageSchema":"1a1c01bbd47fc00a2c39e90264f33305004495a9","hash":"79d912e7c99f030591b6131fbe575df7cfc1a73e"}
}
