TN:
SF:Assignment_10\creational_patterns\abstract_factory\StreamingServiceFactory.js
FN:2,(anonymous_0)
FN:8,(anonymous_1)
FN:14,(anonymous_2)
FNF:3
FNH:2
FNDA:1,(anonymous_0)
FNDA:0,(anonymous_1)
FNDA:1,(anonymous_2)
DA:3,1
DA:9,0
DA:15,1
DA:16,1
DA:17,0
DA:18,0
LF:6
LH:3
BRDA:15,0,0,1
BRDA:15,0,1,0
BRDA:15,0,2,0
BRF:3
BRH:1
end_of_record
TN:
SF:Assignment_10\creational_patterns\builder\WatchlistBuilder.js
FN:2,(anonymous_0)
FN:10,(anonymous_1)
FN:14,(anonymous_2)
FN:19,(anonymous_3)
FN:24,(anonymous_4)
FN:29,(anonymous_5)
FNF:6
FNH:6
FNDA:2,(anonymous_0)
FNDA:2,(anonymous_1)
FNDA:1,(anonymous_2)
FNDA:1,(anonymous_3)
FNDA:1,(anonymous_4)
FNDA:2,(anonymous_5)
DA:3,2
DA:4,2
DA:5,2
DA:11,2
DA:15,1
DA:16,1
DA:20,1
DA:21,1
DA:25,1
DA:26,1
DA:30,2
LF:11
LH:11
BRDA:19,0,0,0
BRF:1
BRH:0
end_of_record
TN:
SF:Assignment_10\creational_patterns\factory_method\AuthFactoryMethod.js
FN:2,(anonymous_0)
FN:8,(anonymous_1)
FN:14,(anonymous_2)
FN:20,(anonymous_3)
FNF:4
FNH:2
FNDA:0,(anonymous_0)
FNDA:0,(anonymous_1)
FNDA:1,(anonymous_2)
FNDA:2,(anonymous_3)
DA:3,0
DA:9,0
DA:15,1
DA:21,2
DA:22,0
DA:23,1
DA:24,1
LF:7
LH:4
BRDA:21,0,0,0
BRDA:21,0,1,1
BRDA:21,0,2,1
BRF:3
BRH:2
end_of_record
TN:
SF:Assignment_10\creational_patterns\prototype\MoviePrototype.js
FN:2,(anonymous_0)
FN:8,(anonymous_1)
FNF:2
FNH:2
FNDA:2,(anonymous_0)
FNDA:1,(anonymous_1)
DA:3,2
DA:4,2
DA:5,2
DA:9,1
LF:4
LH:4
BRF:0
BRH:0
end_of_record
TN:
SF:Assignment_10\creational_patterns\simple_factory\MovieFactory.js
FN:2,(anonymous_0)
FN:9,(anonymous_1)
FN:15,(anonymous_2)
FN:21,(anonymous_3)
FNF:4
FNH:3
FNDA:2,(anonymous_0)
FNDA:1,(anonymous_1)
FNDA:0,(anonymous_2)
FNDA:2,(anonymous_3)
DA:3,2
DA:4,2
DA:10,1
DA:16,0
DA:22,2
DA:24,1
DA:26,0
DA:28,1
LF:8
LH:6
BRDA:22,0,0,1
BRDA:22,0,1,0
BRDA:22,0,2,1
BRF:3
BRH:2
end_of_record
TN:
SF:Assignment_10\creational_patterns\singleton\DatabaseConnection.js
FN:2,(anonymous_0)
FN:10,(anonymous_1)
FNF:2
FNH:1
FNDA:3,(anonymous_0)
FNDA:0,(anonymous_1)
DA:3,3
DA:4,2
DA:6,1
DA:7,1
DA:11,0
DA:15,1
LF:6
LH:5
BRDA:3,0,0,2
BRDA:3,0,1,1
BRF:2
BRH:2
end_of_record
